c:\users\ebarlevy\downloads\chess_console-master\chess_console-master\source\x64\debug\vc143.pdb
c:\users\ebarlevy\downloads\chess_console-master\chess_console-master\source\x64\debug\vc143.idb
c:\users\ebarlevy\downloads\chess_console-master\chess_console-master\source\x64\debug\user_interface.obj
c:\users\ebarlevy\downloads\chess_console-master\chess_console-master\source\x64\debug\main.obj
c:\users\ebarlevy\downloads\chess_console-master\chess_console-master\source\x64\debug\chess.obj
c:\users\ebarlevy\downloads\chess_console-master\chess_console-master\source\x64\debug\chess_console.ilk
c:\users\ebarlevy\downloads\chess_console-master\chess_console-master\source\x64\debug\chess_console.exe
c:\users\ebarlevy\downloads\chess_console-master\chess_console-master\source\x64\debug\chess_console.pdb
c:\users\ebarlevy\downloads\chess_console-master\chess_console-master\source\x64\debug\chess_console.res
c:\users\ebarlevy\downloads\chess_console-master\chess_console-master\source\x64\debug\chesstest.exp
c:\users\ebarlevy\downloads\chess_console-master\chess_console-master\source\x64\debug\chesstest.pdb
c:\users\ebarlevy\downloads\chess_console-master\chess_console-master\source\x64\debug\chess_console.tlog\cl.command.1.tlog
c:\users\ebarlevy\downloads\chess_console-master\chess_console-master\source\x64\debug\chess_console.tlog\cl.items.tlog
c:\users\ebarlevy\downloads\chess_console-master\chess_console-master\source\x64\debug\chess_console.tlog\cl.read.1.tlog
c:\users\ebarlevy\downloads\chess_console-master\chess_console-master\source\x64\debug\chess_console.tlog\cl.write.1.tlog
c:\users\ebarlevy\downloads\chess_console-master\chess_console-master\source\x64\debug\chess_console.tlog\link.command.1.tlog
c:\users\ebarlevy\downloads\chess_console-master\chess_console-master\source\x64\debug\chess_console.tlog\link.read.1.tlog
c:\users\ebarlevy\downloads\chess_console-master\chess_console-master\source\x64\debug\chess_console.tlog\link.write.1.tlog
c:\users\ebarlevy\downloads\chess_console-master\chess_console-master\source\x64\debug\chess_console.tlog\rc.command.1.tlog
c:\users\ebarlevy\downloads\chess_console-master\chess_console-master\source\x64\debug\chess_console.tlog\rc.read.1.tlog
c:\users\ebarlevy\downloads\chess_console-master\chess_console-master\source\x64\debug\chess_console.tlog\rc.write.1.tlog
